"blank"		"=========================="
"blank"		"Infantry Movement"
"blank"		"=========================="
"+forward"	"#Valve_Move_Forward"
"+back"		"#Valve_Move_Back"
"+moveleft"	"#Valve_Move_Left"
"+moveright"	"#Valve_Move_Right"
"+speed"       	"Sprint"
"+jump"		"#Valve_Jump"
"+duck"		"#Valve_Duck"
"blank"		"=========================="
"blank"		"Infantry Weapons"
"blank"		"=========================="
"+attack"	"Fire"
"+attack2"	"Alt Fire"
"+reload"	"Reload"
"invprev"	"Previous Weapon"
"invnext"	"Next Weapon"
"lastinv"	"Last Weapon Used"
"blank"		"=========================="
"blank"		"Infantry Weapon Selection"
"blank"		"=========================="
"slot1"		"Select Sidearm"
"slot2"		"Select Primary"
"slot3" 	"Select Grenade"
"slot4"		"Select Equipment"
"blank"		"=========================="
"blank"		"Vehicle Movement"
"blank"		"=========================="
"+forward"	"Forward"
"+back"		"Reverse"
"+moveleft"	"Steer Left"
"+moveright"	"Steer Right"
"+handbrake"	"Enable handbrake"
"blank"		"=========================="
"blank"		"Vehicle Weapons"
"blank"		"=========================="
"+attack"	"Fire"
"+attack2"	"Secondary Fire"
"blank"		"=========================="
"blank"		"Vehicle Weapon Group Selection"
"blank"		"=========================="
"emp_vehicle_group_1"	"Select Weapon Group 1"
"emp_vehicle_group_2"	"Select Weapon Group 2"
"emp_vehicle_group_3"	"Select Weapon Group 3"
"emp_vehicle_group_4"	"Select Weapon Group 4"
"emp_vehicle_group_5"	"Select Weapon Group 5"
"emp_vehicle_group_6"	"Select Weapon Group 6"
"blank"		"=========================="
"blank"		"Vehicle Seats"
"blank"		"=========================="
"emp_change_seat_1"	"Switch to Seat 1"
"emp_change_seat_2"	"Switch to Seat 2"
"emp_change_seat_3"	"Switch to Seat 3"
"emp_change_seat_4"	"Switch to Seat 4"
"emp_change_seat_5"	"Switch to Seat 5"
"emp_change_seat_6"	"Switch to Seat 6"
"emp_change_seat_7"	"Switch to Seat 7"
"emp_change_seat_8"	"Switch to Seat 8"
//"blank"		"=========================="
//"blank"		"Aircraft Movement"
//"blank"		"=========================="
//"+forward"		"Forward"
//"+back"		"Reverse"
//"+moveleft"		"Steer Left"
//"+moveright"		"Steer Right"
//"blank"		"=========================="
//"blank"		"Aircraft Weapons"
//"blank"		"=========================="
//"+attack"		"Fire"
//"+attack2"		"Secondary Fire"
//"blank"		"=========================="
//"blank"		"Aircraft Weapon Group Selection"
//"blank"		"=========================="
//"emp_vehicle_group_1"	"Select Weapon Group 1"
//"emp_vehicle_group_2"	"Select Weapon Group 2"
//"emp_vehicle_group_3"	"Select Weapon Group 3"
//"emp_vehicle_group_4"	"Select Weapon Group 4"
//"emp_vehicle_group_5"	"Select Weapon Group 5"
//"emp_vehicle_group_6"	"Select Weapon Group 6"
//"blank"		"=========================="
//"blank"		"Aircraft Seat"
//"blank"		"=========================="
//"emp_change_seat_1"	"Switch to Seat 1"
//"emp_change_seat_2"	"Switch to Seat 2"
//"emp_change_seat_3"	"Switch to Seat 3"
//"emp_change_seat_4"	"Switch to Seat 4"
//"emp_change_seat_5"	"Switch to Seat 5"
//"emp_change_seat_6"	"Switch to Seat 6"
//"emp_change_seat_7"	"Switch to Seat 7"
//"emp_change_seat_8"	"Switch to Seat 8"
"blank"		"=========================="
"blank"		"Commander Camera Controls"
"blank"		"=========================="
"+emp_comm_forward"	"Move Forward"
"+emp_comm_back"	"Move Back"
"+emp_comm_left"	"Move Left"
"+emp_comm_right"	"Move Right"
"+emp_comm_rotate"	"Rotate (Hold + Move Mouse)"
"+emp_comm_zoom"	"Zoom (Hold + Move Mouse)"
"blank"		"=========================="
"blank"		"Commander Orders"
"blank"		"=========================="
"+emp_comm_umove"	"Issue Move Command (Hold + Click On Location)"
"+emp_comm_forceattack"	"Issue Attack Command (Hold + Select Target)"
"emp_comm_ustop"	"Issue Stop Command"
"blank"		"=========================="
"blank"		"Commander Unit Grouping"
"blank"		"=========================="
"+emp_comm_groupset"	"Set Group (Hold + Group #)"
"emp_comm_recall_1"	"Group 1"
"emp_comm_recall_2"	"Group 2"
"emp_comm_recall_3"	"Group 3"
"emp_comm_recall_4"	"Group 4"
"emp_comm_recall_5"	"Group 5"
"emp_comm_recall_6"	"Group 6"
"emp_comm_recall_7"	"Group 7"
"emp_comm_recall_8"	"Group 8"
"emp_comm_recall_9"	"Group 9"
"emp_comm_recall_10"	"Group 10"
"blank"		"=========================="
"blank"		"Commander Miscellaneous"
"blank"		"=========================="
"+emp_comm_mselect"	"Add Units to Selection (Hold + Select Units)"
"emp_comm_exit"		"Exit Command Interface"
"blank"		"=========================="
"blank"		"Communication"
"blank"		"=========================="
"+voicerecord"	"#Valve_Use_Voice_Communication"
"say"		"#Valve_Chat_Message"
"say_team"	"#Valve_Team_Message"
"blank"		"=========================="
"blank"		"Map"
"blank"		"=========================="
"emp_map_spawn"		"Select Spawn"
"emp_map_fullsize"	"Full Size Map"
"emp_map_arty"		"Full Size Map /W Artillery Positions"
"emp_map_zoomin"	"Zoom Map In"
"emp_map_zoomout"	"Zoom Map Out"
"blank"		"=========================="
"blank"		"Empires Miscellaneous"
"blank"		"=========================="
"emp_menu"	"Voice Command Menu"
"chooseclass"	"Select Class"
"chooseteam"	"Select Team"
"blank"		"=========================="
"blank"		"Miscellaneous"
"blank"		"=========================="
"+showscores"	"#Valve_Display_Scores"
"+use"		"#Valve_Use_Items"
"impulse 100"	"#Valve_Flashlight"
"impulse 201"	"#Valve_Spray_Logo"
"jpeg"		"#Valve_Take_Screen_Shot"
"quit"		"#Valve_Quit_Game"

